<?xml version="1.0" encoding="UTF-8"?>
<!-- Generated by org.testng.reporters.JUnitXMLReporter -->
<testsuite ignored="6" hostname="MSI" failures="0" tests="1" name="Test" time="19.976" errors="0" timestamp="2024-09-24T17:34:05 IST">
  <testcase classname="QAlegendTestCases.TestCases" name="customersGroupsPage" time="7.625"/>
  <testcase classname="QAlegendTestCases.TestCases" name="productsPage" time="0.0">
    <ignored/>
  </testcase> <!-- productsPage -->
  <testcase classname="QAlegendTestCases.TestCases" name="contactsPage" time="0.0">
    <ignored/>
  </testcase> <!-- contactsPage -->
  <testcase classname="QAlegendTestCases.TestCases" name="createUser" time="0.0">
    <ignored/>
  </testcase> <!-- createUser -->
  <testcase classname="QAlegendTestCases.TestCases" name="customersPage" time="0.0">
    <ignored/>
  </testcase> <!-- customersPage -->
  <testcase classname="QAlegendTestCases.TestCases" name="addRole" time="0.0">
    <ignored/>
  </testcase> <!-- addRole -->
  <testcase classname="QAlegendTestCases.TestCases" name="commissionPage" time="0.0">
    <ignored/>
  </testcase> <!-- commissionPage -->
</testsuite> <!-- Test -->
