<?xml version="1.0" encoding="UTF-8"?>
<!-- Generated by org.testng.reporters.JUnitXMLReporter -->
<testsuite ignored="7" hostname="MSI" failures="0" tests="1" name="Test" time="17.926" errors="0" timestamp="2024-10-07T18:29:23 IST">
  <testcase classname="QAlegendTestCases.TestCases" name="variationPage" time="7.77"/>
  <testcase classname="QAlegendTestCases.TestCases" name="customersGroupsPage" time="0.0">
    <ignored/>
  </testcase> <!-- customersGroupsPage -->
  <testcase classname="QAlegendTestCases.TestCases" name="commissionPage" time="0.0">
    <ignored/>
  </testcase> <!-- commissionPage -->
  <testcase classname="QAlegendTestCases.TestCases" name="customersPage" time="0.0">
    <ignored/>
  </testcase> <!-- customersPage -->
  <testcase classname="QAlegendTestCases.TestCases" name="brandsPage" time="0.0">
    <ignored/>
  </testcase> <!-- brandsPage -->
  <testcase classname="QAlegendTestCases.TestCases" name="addRole" time="0.0">
    <ignored/>
  </testcase> <!-- addRole -->
  <testcase classname="QAlegendTestCases.TestCases" name="contactsPage" time="0.0">
    <ignored/>
  </testcase> <!-- contactsPage -->
  <testcase classname="QAlegendTestCases.TestCases" name="createUser" time="0.0">
    <ignored/>
  </testcase> <!-- createUser -->
</testsuite> <!-- Test -->
