<?xml version="1.0" encoding="UTF-8"?>
<testng-results ignored="0" total="1" passed="1" failed="0" skipped="0">
  <reporter-output>
  </reporter-output>
  <suite started-at="2024-09-24T17:33:44 IST" name="Suite" finished-at="2024-09-24T17:34:04 IST" duration-ms="19976">
    <groups>
    </groups>
    <test started-at="2024-09-24T17:33:44 IST" name="Test" finished-at="2024-09-24T17:34:04 IST" duration-ms="19976">
      <class name="QAlegendTestCases.TestCases">
        <test-method is-config="true" signature="initialization(java.lang.String)[pri:0, instance:QAlegendTestCases.TestCases@79da8dc5]" started-at="2024-09-24T17:33:44 IST" name="initialization" finished-at="2024-09-24T17:33:56 IST" duration-ms="11996" status="PASS">
          <params>
            <param index="0">
              <value>
                <![CDATA[Chrome]]>
              </value>
            </param>
          </params>
          <reporter-output>
          </reporter-output>
        </test-method> <!-- initialization -->
        <test-method signature="customersGroupsPage()[pri:0, instance:QAlegendTestCases.TestCases@79da8dc5]" started-at="2024-09-24T17:33:56 IST" name="customersGroupsPage" finished-at="2024-09-24T17:34:04 IST" duration-ms="7625" status="PASS">
          <reporter-output>
          </reporter-output>
        </test-method> <!-- customersGroupsPage -->
      </class> <!-- QAlegendTestCases.TestCases -->
    </test> <!-- Test -->
  </suite> <!-- Suite -->
</testng-results>
